2026-04-14 14:33:44.444 [background-preinit] INFO  o.h.validator.internal.util.Version - HV000001: Hibernate Validator 8.0.3.Final
2026-04-14 14:33:44.475 [restartedMain] INFO  com.CarList.CarListApplication - Starting CarListApplication using Java 21.0.6 with PID 18896 (D:\SpringBootLearn\CarList\CarList\target\classes started by ganes in D:\SpringBootLearn\CarList\CarList)
2026-04-14 14:33:44.476 [restartedMain] INFO  com.CarList.CarListApplication - No active profile set, falling back to 1 default profile: "default"
2026-04-14 14:33:44.517 [restartedMain] INFO  o.s.b.d.e.DevToolsPropertyDefaultsPostProcessor - Devtools property defaults active! Set 'spring.devtools.add-properties' to 'false' to disable
2026-04-14 14:33:44.517 [restartedMain] INFO  o.s.b.d.e.DevToolsPropertyDefaultsPostProcessor - For additional web related logging consider setting the 'logging.level.web' property to 'DEBUG'
2026-04-14 14:33:45.234 [restartedMain] INFO  o.s.d.r.c.RepositoryConfigurationDelegate - Bootstrapping Spring Data JPA repositories in DEFAULT mode.
2026-04-14 14:33:45.277 [restartedMain] INFO  o.s.d.r.c.RepositoryConfigurationDelegate - Finished Spring Data repository scanning in 37 ms. Found 3 JPA repository interfaces.
2026-04-14 14:33:45.681 [restartedMain] INFO  o.s.b.w.e.tomcat.TomcatWebServer - Tomcat initialized with port 8080 (http)
2026-04-14 14:33:45.690 [restartedMain] INFO  o.a.coyote.http11.Http11NioProtocol - Initializing ProtocolHandler ["http-nio-8080"]
2026-04-14 14:33:45.691 [restartedMain] INFO  o.a.catalina.core.StandardService - Starting service [Tomcat]
2026-04-14 14:33:45.691 [restartedMain] INFO  o.a.catalina.core.StandardEngine - Starting Servlet engine: [Apache Tomcat/10.1.53]
2026-04-14 14:33:45.727 [restartedMain] INFO  o.a.c.c.C.[Tomcat].[localhost].[/] - Initializing Spring embedded WebApplicationContext
2026-04-14 14:33:45.728 [restartedMain] INFO  o.s.b.w.s.c.ServletWebServerApplicationContext - Root WebApplicationContext: initialization completed in 1210 ms
2026-04-14 14:33:45.858 [restartedMain] INFO  o.h.jpa.internal.util.LogHelper - HHH000204: Processing PersistenceUnitInfo [name: default]
2026-04-14 14:33:45.886 [restartedMain] INFO  org.hibernate.Version - HHH000412: Hibernate ORM core version 6.6.45.Final
2026-04-14 14:33:45.908 [restartedMain] INFO  o.h.c.i.RegionFactoryInitiator - HHH000026: Second-level cache disabled
2026-04-14 14:33:46.073 [restartedMain] INFO  o.s.o.j.p.SpringPersistenceUnitInfo - No LoadTimeWeaver setup: ignoring JPA class transformer
2026-04-14 14:33:46.093 [restartedMain] INFO  com.zaxxer.hikari.HikariDataSource - springbootcarmodelproject - Starting...
2026-04-14 14:33:46.345 [restartedMain] INFO  com.zaxxer.hikari.pool.HikariPool - springbootcarmodelproject - Added connection com.mysql.cj.jdbc.ConnectionImpl@5736340f
2026-04-14 14:33:46.347 [restartedMain] INFO  com.zaxxer.hikari.HikariDataSource - springbootcarmodelproject - Start completed.
2026-04-14 14:33:46.378 [restartedMain] WARN  org.hibernate.orm.deprecation - HHH90000025: MySQL8Dialect does not need to be specified explicitly using 'hibernate.dialect' (remove the property setting and it will be selected by default)
2026-04-14 14:33:46.379 [restartedMain] WARN  org.hibernate.orm.deprecation - HHH90000026: MySQL8Dialect has been deprecated; use org.hibernate.dialect.MySQLDialect instead
2026-04-14 14:33:46.390 [restartedMain] INFO  o.hibernate.orm.connections.pooling - HHH10001005: Database info:
	Database JDBC URL [Connecting through datasource 'HikariDataSource (springbootcarmodelproject)']
	Database driver: undefined/unknown
	Database version: 8.0
	Autocommit mode: undefined/unknown
	Isolation level: undefined/unknown
	Minimum pool size: undefined/unknown
	Maximum pool size: undefined/unknown
2026-04-14 14:33:46.991 [restartedMain] INFO  o.h.e.t.j.p.i.JtaPlatformInitiator - HHH000489: No JTA platform available (set 'hibernate.transaction.jta.platform' to enable JTA platform integration)
2026-04-14 14:33:47.048 [restartedMain] INFO  o.s.o.j.LocalContainerEntityManagerFactoryBean - Initialized JPA EntityManagerFactory for persistence unit 'default'
2026-04-14 14:33:47.366 [restartedMain] WARN  o.s.b.a.o.j.JpaBaseConfiguration$JpaWebConfiguration - spring.jpa.open-in-view is enabled by default. Therefore, database queries may be performed during view rendering. Explicitly configure spring.jpa.open-in-view to disable this warning
2026-04-14 14:33:47.880 [restartedMain] WARN  o.s.b.d.a.OptionalLiveReloadServer - Unable to start LiveReload server
2026-04-14 14:33:47.900 [restartedMain] INFO  o.a.coyote.http11.Http11NioProtocol - Starting ProtocolHandler ["http-nio-8080"]
2026-04-14 14:33:47.904 [restartedMain] WARN  o.s.b.w.s.c.AnnotationConfigServletWebServerApplicationContext - Exception encountered during context initialization - cancelling refresh attempt: org.springframework.context.ApplicationContextException: Failed to start bean 'webServerStartStop'
2026-04-14 14:33:47.907 [restartedMain] INFO  o.s.o.j.LocalContainerEntityManagerFactoryBean - Closing JPA EntityManagerFactory for persistence unit 'default'
2026-04-14 14:33:47.909 [restartedMain] INFO  com.zaxxer.hikari.HikariDataSource - springbootcarmodelproject - Shutdown initiated...
2026-04-14 14:33:47.913 [restartedMain] INFO  com.zaxxer.hikari.HikariDataSource - springbootcarmodelproject - Shutdown completed.
2026-04-14 14:33:47.924 [restartedMain] INFO  o.s.b.a.l.ConditionEvaluationReportLogger - 

Error starting ApplicationContext. To display the condition evaluation report re-run your application with 'debug' enabled.
2026-04-14 14:33:47.936 [restartedMain] ERROR o.s.b.d.LoggingFailureAnalysisReporter - 

***************************
APPLICATION FAILED TO START
***************************

Description:

Web server failed to start. Port 8080 was already in use.

Action:

Identify and stop the process that's listening on port 8080 or configure this application to listen on another port.

2026-04-14 14:34:25.274 [background-preinit] INFO  o.h.validator.internal.util.Version - HV000001: Hibernate Validator 8.0.3.Final
2026-04-14 14:34:25.304 [restartedMain] INFO  com.CarList.CarListApplication - Starting CarListApplication using Java 21.0.6 with PID 20608 (D:\SpringBootLearn\CarList\CarList\target\classes started by ganes in D:\SpringBootLearn\CarList\CarList)
2026-04-14 14:34:25.305 [restartedMain] INFO  com.CarList.CarListApplication - No active profile set, falling back to 1 default profile: "default"
2026-04-14 14:34:25.339 [restartedMain] INFO  o.s.b.d.e.DevToolsPropertyDefaultsPostProcessor - Devtools property defaults active! Set 'spring.devtools.add-properties' to 'false' to disable
2026-04-14 14:34:25.340 [restartedMain] INFO  o.s.b.d.e.DevToolsPropertyDefaultsPostProcessor - For additional web related logging consider setting the 'logging.level.web' property to 'DEBUG'
2026-04-14 14:34:25.870 [restartedMain] INFO  o.s.d.r.c.RepositoryConfigurationDelegate - Bootstrapping Spring Data JPA repositories in DEFAULT mode.
2026-04-14 14:34:25.911 [restartedMain] INFO  o.s.d.r.c.RepositoryConfigurationDelegate - Finished Spring Data repository scanning in 35 ms. Found 3 JPA repository interfaces.
2026-04-14 14:34:26.300 [restartedMain] INFO  o.s.b.w.e.tomcat.TomcatWebServer - Tomcat initialized with port 8080 (http)
2026-04-14 14:34:26.308 [restartedMain] INFO  o.a.coyote.http11.Http11NioProtocol - Initializing ProtocolHandler ["http-nio-8080"]
2026-04-14 14:34:26.310 [restartedMain] INFO  o.a.catalina.core.StandardService - Starting service [Tomcat]
2026-04-14 14:34:26.310 [restartedMain] INFO  o.a.catalina.core.StandardEngine - Starting Servlet engine: [Apache Tomcat/10.1.53]
2026-04-14 14:34:26.343 [restartedMain] INFO  o.a.c.c.C.[Tomcat].[localhost].[/] - Initializing Spring embedded WebApplicationContext
2026-04-14 14:34:26.344 [restartedMain] INFO  o.s.b.w.s.c.ServletWebServerApplicationContext - Root WebApplicationContext: initialization completed in 1003 ms
2026-04-14 14:34:26.470 [restartedMain] INFO  o.h.jpa.internal.util.LogHelper - HHH000204: Processing PersistenceUnitInfo [name: default]
2026-04-14 14:34:26.498 [restartedMain] INFO  org.hibernate.Version - HHH000412: Hibernate ORM core version 6.6.45.Final
2026-04-14 14:34:26.517 [restartedMain] INFO  o.h.c.i.RegionFactoryInitiator - HHH000026: Second-level cache disabled
2026-04-14 14:34:26.681 [restartedMain] INFO  o.s.o.j.p.SpringPersistenceUnitInfo - No LoadTimeWeaver setup: ignoring JPA class transformer
2026-04-14 14:34:26.708 [restartedMain] INFO  com.zaxxer.hikari.HikariDataSource - springbootcarmodelproject - Starting...
2026-04-14 14:34:26.946 [restartedMain] INFO  com.zaxxer.hikari.pool.HikariPool - springbootcarmodelproject - Added connection com.mysql.cj.jdbc.ConnectionImpl@5736340f
2026-04-14 14:34:26.947 [restartedMain] INFO  com.zaxxer.hikari.HikariDataSource - springbootcarmodelproject - Start completed.
2026-04-14 14:34:26.976 [restartedMain] WARN  org.hibernate.orm.deprecation - HHH90000025: MySQL8Dialect does not need to be specified explicitly using 'hibernate.dialect' (remove the property setting and it will be selected by default)
2026-04-14 14:34:26.977 [restartedMain] WARN  org.hibernate.orm.deprecation - HHH90000026: MySQL8Dialect has been deprecated; use org.hibernate.dialect.MySQLDialect instead
2026-04-14 14:34:26.988 [restartedMain] INFO  o.hibernate.orm.connections.pooling - HHH10001005: Database info:
	Database JDBC URL [Connecting through datasource 'HikariDataSource (springbootcarmodelproject)']
	Database driver: undefined/unknown
	Database version: 8.0
	Autocommit mode: undefined/unknown
	Isolation level: undefined/unknown
	Minimum pool size: undefined/unknown
	Maximum pool size: undefined/unknown
2026-04-14 14:34:27.585 [restartedMain] INFO  o.h.e.t.j.p.i.JtaPlatformInitiator - HHH000489: No JTA platform available (set 'hibernate.transaction.jta.platform' to enable JTA platform integration)
2026-04-14 14:34:27.635 [restartedMain] INFO  o.s.o.j.LocalContainerEntityManagerFactoryBean - Initialized JPA EntityManagerFactory for persistence unit 'default'
2026-04-14 14:34:27.940 [restartedMain] WARN  o.s.b.a.o.j.JpaBaseConfiguration$JpaWebConfiguration - spring.jpa.open-in-view is enabled by default. Therefore, database queries may be performed during view rendering. Explicitly configure spring.jpa.open-in-view to disable this warning
2026-04-14 14:34:28.446 [restartedMain] INFO  o.s.b.d.a.OptionalLiveReloadServer - LiveReload server is running on port 35729
2026-04-14 14:34:28.466 [restartedMain] INFO  o.a.coyote.http11.Http11NioProtocol - Starting ProtocolHandler ["http-nio-8080"]
2026-04-14 14:34:28.479 [restartedMain] INFO  o.s.b.w.e.tomcat.TomcatWebServer - Tomcat started on port 8080 (http) with context path '/'
2026-04-14 14:34:28.486 [restartedMain] INFO  com.CarList.CarListApplication - Started CarListApplication in 3.501 seconds (process running for 3.952)
2026-04-14 14:34:28.488 [restartedMain] WARN  o.s.c.events.SpringDocAppInitializer - SpringDoc /v3/api-docs endpoint is enabled by default. To disable it in production, set the property 'springdoc.api-docs.enabled=false'
2026-04-14 14:34:28.489 [restartedMain] WARN  o.s.c.events.SpringDocAppInitializer - SpringDoc /swagger-ui.html endpoint is enabled by default. To disable it in production, set the property 'springdoc.swagger-ui.enabled=false'
2026-04-14 14:34:28.489 [restartedMain] INFO  com.CarList.CarListApplication - YOURS PROJECTS IS RUNNING.........
2026-04-14 14:35:10.888 [RMI TCP Connection(4)-127.0.0.1] INFO  o.s.b.a.SpringApplicationAdminMXBeanRegistrar$SpringApplicationAdmin - Application shutdown requested.
2026-04-14 14:35:10.890 [RMI TCP Connection(4)-127.0.0.1] INFO  o.s.b.w.e.tomcat.GracefulShutdown - Commencing graceful shutdown. Waiting for active requests to complete
2026-04-14 14:35:10.891 [tomcat-shutdown] INFO  o.a.coyote.http11.Http11NioProtocol - Pausing ProtocolHandler ["http-nio-8080"]
2026-04-14 14:35:10.895 [tomcat-shutdown] INFO  o.s.b.w.e.tomcat.GracefulShutdown - Graceful shutdown complete
2026-04-14 14:35:10.896 [RMI TCP Connection(4)-127.0.0.1] INFO  o.a.coyote.http11.Http11NioProtocol - Stopping ProtocolHandler ["http-nio-8080"]
2026-04-14 14:35:10.900 [RMI TCP Connection(4)-127.0.0.1] INFO  o.s.o.j.LocalContainerEntityManagerFactoryBean - Closing JPA EntityManagerFactory for persistence unit 'default'
2026-04-14 14:35:10.902 [RMI TCP Connection(4)-127.0.0.1] INFO  com.zaxxer.hikari.HikariDataSource - springbootcarmodelproject - Shutdown initiated...
2026-04-14 14:35:10.907 [RMI TCP Connection(4)-127.0.0.1] INFO  com.zaxxer.hikari.HikariDataSource - springbootcarmodelproject - Shutdown completed.
